<?xml version="1.0" encoding="UTF-8"?>
<testng-results ignored="0" total="1" passed="1" failed="0" skipped="0">
  <reporter-output>
  </reporter-output>
  <suite started-at="2020-06-21T10:54:59 EDT" name="Default suite" finished-at="2020-06-21T10:55:10 EDT" duration-ms="10831">
    <groups>
    </groups>
    <test started-at="2020-06-21T10:54:59 EDT" name="Default test" finished-at="2020-06-21T10:55:10 EDT" duration-ms="10831">
      <class name="cool.CopyfromGIT">
        <test-method signature="signupFacebook()[pri:0, instance:cool.CopyfromGIT@1460a8c0]" started-at="2020-06-21T10:54:59 EDT" name="signupFacebook" finished-at="2020-06-21T10:55:10 EDT" duration-ms="10789" status="PASS">
          <reporter-output>
          </reporter-output>
        </test-method> <!-- signupFacebook -->
      </class> <!-- cool.CopyfromGIT -->
    </test> <!-- Default test -->
  </suite> <!-- Default suite -->
</testng-results>
