<?xml version="1.0" encoding="UTF-8"?>
<testng-results ignored="0" total="1" passed="1" failed="0" skipped="0">
  <reporter-output>
  </reporter-output>
  <suite started-at="2020-06-14T17:43:50 EDT" name="Default suite" finished-at="2020-06-14T17:43:58 EDT" duration-ms="7711">
    <groups>
    </groups>
    <test started-at="2020-06-14T17:43:50 EDT" name="Default test" finished-at="2020-06-14T17:43:58 EDT" duration-ms="7711">
      <class name="cool.CoolTest">
        <test-method signature="openBrowser()[pri:0, instance:cool.CoolTest@1460a8c0]" started-at="2020-06-14T17:43:50 EDT" name="openBrowser" finished-at="2020-06-14T17:43:58 EDT" duration-ms="7656" status="PASS">
          <reporter-output>
          </reporter-output>
        </test-method> <!-- openBrowser -->
      </class> <!-- cool.CoolTest -->
    </test> <!-- Default test -->
  </suite> <!-- Default suite -->
</testng-results>
